2014-07-14 23:39:03,611 [10] DEBUG SSO_GAD.welcome - URL>>https://s361717226.onlinehome.us:8080/webclient/WebClient.jsf;jsessionid=6ECD51034C20E682AC75149756F0172D
2014-07-14 23:39:03,637 [10] DEBUG SSO_GAD.welcome - Cerrando conexiones...
2014-08-04 13:51:49,136 [9] DEBUG SSO_GAD.Index - Comenzando autenticacion con RSA
2014-08-04 13:52:00,052 [9] DEBUG SSO_GAD.Index - Fin autenticacion RSA = True
2014-08-04 13:52:00,052 [9] DEBUG SSO_GAD.Index - Usuario autenticado
2014-08-04 13:52:00,176 [13] DEBUG SSO_GAD.welcome - Recibiendo Datos
2014-08-04 13:52:00,177 [13] DEBUG SSO_GAD.welcome - Usuario jurquia
2014-08-04 13:52:00,177 [13] DEBUG SSO_GAD.welcome - Recuperando Contraseña
2014-08-04 13:52:00,206 [13] DEBUG SSO_GAD.welcome - Leyendo Parametros
2014-08-04 13:52:01,427 [13] DEBUG SSO_GAD.welcome - Contraseña recuperada 
2014-08-04 13:52:01,452 [13] DEBUG SSO_GAD.welcome - Creando HttpRequest...
2014-08-04 13:52:01,465 [13] DEBUG SSO_GAD.welcome - Enviando Parametros...
2014-08-04 13:52:02,778 [13] DEBUG SSO_GAD.welcome - Creando HttpRequest...
2014-08-04 13:52:03,348 [13] DEBUG SSO_GAD.welcome - Recibiendo respuesta  del Sitio 
 comienzo...
2014-08-04 13:52:03,355 [13] DEBUG SSO_GAD.welcome - Estableciendo URL...
2014-08-04 13:52:03,356 [13] DEBUG SSO_GAD.welcome - URL>>https://s361717226.onlinehome.us:8080/webclient/WebClient.jsf;jsessionid=8C7EBC44A4D32758861F9171D3C86452
2014-08-04 13:52:03,356 [13] DEBUG SSO_GAD.welcome - Cerrando conexiones...
2014-08-20 09:49:48,675 [6] DEBUG SSO_GAD.Index - Comenzando autenticacion con RSA
2014-08-20 09:50:00,473 [6] DEBUG SSO_GAD.Index - Fin autenticacion RSA = False
2014-08-20 09:50:00,473 [6] DEBUG SSO_GAD.Index - autenticacion Fallida
2014-08-20 09:50:11,399 [6] DEBUG SSO_GAD.Index - Comenzando autenticacion con RSA
2014-08-20 09:50:13,494 [6] DEBUG SSO_GAD.Index - Fin autenticacion RSA = True
2014-08-20 09:50:13,535 [6] DEBUG SSO_GAD.Index - Usuario autenticado
2014-08-20 09:50:13,675 [10] DEBUG SSO_GAD.welcome - Recibiendo Datos
2014-08-20 09:50:13,675 [10] DEBUG SSO_GAD.welcome - Usuario jurquia
2014-08-20 09:50:13,675 [10] DEBUG SSO_GAD.welcome - Recuperando Contraseña
2014-08-20 09:50:13,713 [10] DEBUG SSO_GAD.welcome - Leyendo Parametros
2014-08-20 09:50:15,160 [10] DEBUG SSO_GAD.welcome - Contraseña recuperada 
2014-08-20 09:50:15,181 [10] DEBUG SSO_GAD.welcome - Creando HttpRequest...
2014-08-20 09:50:15,181 [10] DEBUG SSO_GAD.welcome - Enviando Parametros...
2014-08-20 09:50:16,618 [10] DEBUG SSO_GAD.welcome - Creando HttpRequest...
2014-08-20 09:50:17,288 [10] DEBUG SSO_GAD.welcome - Recibiendo respuesta  del Sitio 
 comienzo...
2014-08-20 09:50:17,288 [10] DEBUG SSO_GAD.welcome - Estableciendo URL...
2014-08-20 09:50:17,289 [10] DEBUG SSO_GAD.welcome - URL>>https://s361717226.onlinehome.us:8080/webclient/WebClient.jsf;jsessionid=78910224B60E7BF6FE3E504FEC173D46
2014-08-20 09:50:17,289 [10] DEBUG SSO_GAD.welcome - Cerrando conexiones...
2014-08-20 11:13:57,208 [6] DEBUG SSO_GAD.Index - Formato Token Invalido
2014-08-20 11:13:57,243 [6] DEBUG SSO_GAD.Index - autenticacion Fallida
2014-08-20 11:14:05,535 [6] DEBUG SSO_GAD.Index - Comenzando autenticacion con RSA
2014-08-20 11:14:07,152 [6] DEBUG SSO_GAD.Index - Fin autenticacion RSA = True
2014-08-20 11:14:07,152 [6] DEBUG SSO_GAD.Index - Usuario autenticado
2014-08-20 11:14:07,252 [10] DEBUG SSO_GAD.welcome - Recibiendo Datos
2014-08-20 11:14:07,252 [10] DEBUG SSO_GAD.welcome - Usuario jurquia
2014-08-20 11:14:07,252 [10] DEBUG SSO_GAD.welcome - Recuperando Contraseña
2014-08-20 11:14:07,271 [10] DEBUG SSO_GAD.welcome - Leyendo Parametros
2014-08-20 11:14:07,738 [10] DEBUG SSO_GAD.welcome - Contraseña recuperada 
2014-08-20 11:14:07,763 [10] DEBUG SSO_GAD.welcome - Creando HttpRequest...
2014-08-20 11:14:07,763 [10] DEBUG SSO_GAD.welcome - Enviando Parametros...
2014-08-20 11:14:08,439 [10] DEBUG SSO_GAD.welcome - Creando HttpRequest...
2014-08-20 11:14:08,571 [10] DEBUG SSO_GAD.welcome - Recibiendo respuesta  del Sitio 
 comienzo...
2014-08-20 11:14:08,571 [10] DEBUG SSO_GAD.welcome - Estableciendo URL...
2014-08-20 11:14:08,571 [10] DEBUG SSO_GAD.welcome - URL>>https://s361717226.onlinehome.us:8080/webclient/WebClient.jsf;jsessionid=208232D906236418872EB4B2C309E2A3
2014-08-20 11:14:08,572 [10] DEBUG SSO_GAD.welcome - Cerrando conexiones...
2014-08-20 11:14:08,679 [10] ERROR SSO_GAD.welcome - System.NullReferenceException: Object reference not set to an instance of an object.
   at SSO_GAD.welcome.metodoPost(String url) in c:\Users\JoseMario\Documents\Visual Studio 2013\Projects\SSO_GAD\SSO_GAD\welcome.aspx.cs:line 120
   at SSO_GAD.welcome.Page_Load(Object sender, EventArgs e) in c:\Users\JoseMario\Documents\Visual Studio 2013\Projects\SSO_GAD\SSO_GAD\welcome.aspx.cs:line 150
2014-08-20 11:15:18,648 [6] DEBUG SSO_GAD.Index - Comenzando autenticacion con RSA
2014-08-20 11:15:19,063 [6] DEBUG SSO_GAD.Index - Fin autenticacion RSA = True
2014-08-20 11:15:19,064 [6] DEBUG SSO_GAD.Index - Usuario autenticado
2014-08-20 11:15:19,150 [6] DEBUG SSO_GAD.welcome - Recibiendo Datos
2014-08-20 11:15:19,150 [6] DEBUG SSO_GAD.welcome - Usuario jurquia
2014-08-20 11:15:19,150 [6] DEBUG SSO_GAD.welcome - Recuperando Contraseña
2014-08-20 11:15:19,165 [6] DEBUG SSO_GAD.welcome - Leyendo Parametros
2014-08-20 11:15:19,642 [6] DEBUG SSO_GAD.welcome - Contraseña recuperada 
2014-08-20 11:15:19,670 [6] DEBUG SSO_GAD.welcome - Creando HttpRequest...
2014-08-20 11:15:19,670 [6] DEBUG SSO_GAD.welcome - Enviando Parametros...
2014-08-20 11:15:20,329 [6] DEBUG SSO_GAD.welcome - Creando HttpRequest...
2014-08-20 11:15:20,450 [6] DEBUG SSO_GAD.welcome - Recibiendo respuesta  del Sitio 
 comienzo...
2014-08-20 11:15:20,450 [6] DEBUG SSO_GAD.welcome - Estableciendo URL...
2014-08-20 11:15:20,451 [6] DEBUG SSO_GAD.welcome - URL>>https://s361717226.onlinehome.us:8080/webclient/WebClient.jsf;jsessionid=A73D888F73B4A0D127EF9B2361ED77E3
2014-08-20 11:15:20,451 [6] DEBUG SSO_GAD.welcome - Cerrando conexiones...
2014-08-20 11:21:23,958 [10] DEBUG SSO_GAD.Index - Formato Token Invalido
2014-08-20 11:21:23,992 [10] DEBUG SSO_GAD.Index - autenticacion Fallida
2014-08-20 11:21:28,986 [6] DEBUG SSO_GAD.Index - Comenzando autenticacion con RSA
2014-08-20 11:21:31,346 [6] DEBUG SSO_GAD.Index - Fin autenticacion RSA = True
2014-08-20 11:21:31,347 [6] DEBUG SSO_GAD.Index - Usuario autenticado
2014-08-20 11:21:31,423 [10] DEBUG SSO_GAD.welcome - Recibiendo Datos
2014-08-20 11:21:31,423 [10] DEBUG SSO_GAD.welcome - Usuario jurquia
2014-08-20 11:21:31,423 [10] DEBUG SSO_GAD.welcome - Recuperando Contraseña
2014-08-20 11:21:31,438 [10] DEBUG SSO_GAD.welcome - Leyendo Parametros
2014-08-20 11:21:31,908 [10] DEBUG SSO_GAD.welcome - Contraseña recuperada 
2014-08-20 11:21:31,932 [10] DEBUG SSO_GAD.welcome - Creando HttpRequest...
2014-08-20 11:21:31,932 [10] DEBUG SSO_GAD.welcome - Enviando Parametros...
2014-08-20 11:21:32,581 [10] DEBUG SSO_GAD.welcome - Creando HttpRequest...
2014-08-20 11:21:32,713 [10] DEBUG SSO_GAD.welcome - Recibiendo respuesta  del Sitio 
 comienzo...
2014-08-20 11:21:32,713 [10] DEBUG SSO_GAD.welcome - Estableciendo URL...
2014-08-20 11:21:32,714 [10] DEBUG SSO_GAD.welcome - URL>>https://s361717226.onlinehome.us:8080/webclient/WebClient.jsf;jsessionid=A65ECA7471B67E36E33357E58B01F99B
2014-08-20 11:21:32,714 [10] DEBUG SSO_GAD.welcome - Cerrando conexiones...
2014-08-20 11:27:06,152 [7] DEBUG SSO_GAD.Index - Comenzando autenticacion con RSA
2014-08-20 11:27:06,521 [7] DEBUG SSO_GAD.Index - Fin autenticacion RSA = True
2014-08-20 11:27:06,521 [7] DEBUG SSO_GAD.Index - Usuario autenticado
2014-08-20 11:27:06,654 [6] DEBUG SSO_GAD.welcome - Recibiendo Datos
2014-08-20 11:27:06,654 [6] DEBUG SSO_GAD.welcome - Usuario jurquia
2014-08-20 11:27:06,655 [6] DEBUG SSO_GAD.welcome - Recuperando Contraseña
2014-08-20 11:27:06,672 [6] DEBUG SSO_GAD.welcome - Leyendo Parametros
2014-08-20 11:27:07,956 [6] DEBUG SSO_GAD.welcome - Contraseña recuperada 
2014-08-20 11:27:07,986 [6] DEBUG SSO_GAD.welcome - Creando HttpRequest...
2014-08-20 11:27:07,986 [6] DEBUG SSO_GAD.welcome - Enviando Parametros...
2014-08-20 11:27:09,030 [6] DEBUG SSO_GAD.welcome - Creando HttpRequest...
2014-08-20 11:27:09,158 [6] DEBUG SSO_GAD.welcome - Recibiendo respuesta  del Sitio 
 comienzo...
2014-08-20 11:27:09,159 [6] DEBUG SSO_GAD.welcome - Estableciendo URL...
2014-08-20 11:27:09,159 [6] DEBUG SSO_GAD.welcome - URL>>https://s361717226.onlinehome.us:8080/webclient/WebClient.jsf;jsessionid=3089A51F42A9603941C08435CA8C9CE4
2014-08-20 11:27:09,159 [6] DEBUG SSO_GAD.welcome - Cerrando conexiones...
2014-08-20 11:36:46,492 [7] DEBUG SSO_GAD.Index - Formato Token Invalido
2014-08-20 11:36:46,525 [7] DEBUG SSO_GAD.Index - autenticacion Fallida
2014-08-20 11:36:53,472 [6] DEBUG SSO_GAD.Index - Comenzando autenticacion con RSA
2014-08-20 11:36:54,995 [6] DEBUG SSO_GAD.Index - Fin autenticacion RSA = True
2014-08-20 11:36:54,996 [6] DEBUG SSO_GAD.Index - Usuario autenticado
2014-08-20 11:36:55,065 [10] DEBUG SSO_GAD.welcome - Recibiendo Datos
2014-08-20 11:36:55,065 [10] DEBUG SSO_GAD.welcome - Usuario jurquia
2014-08-20 11:36:55,065 [10] DEBUG SSO_GAD.welcome - Recuperando Contraseña
2014-08-20 11:36:55,082 [10] DEBUG SSO_GAD.welcome - Leyendo Parametros
2014-08-20 11:36:55,551 [10] DEBUG SSO_GAD.welcome - Contraseña recuperada 
2014-08-20 11:36:55,576 [10] DEBUG SSO_GAD.welcome - Creando HttpRequest...
2014-08-20 11:36:55,576 [10] DEBUG SSO_GAD.welcome - Enviando Parametros...
2014-08-20 11:36:56,223 [10] DEBUG SSO_GAD.welcome - Creando HttpRequest...
2014-08-20 11:36:56,344 [10] DEBUG SSO_GAD.welcome - Recibiendo respuesta  del Sitio 
 comienzo...
2014-08-20 11:36:56,344 [10] DEBUG SSO_GAD.welcome - Estableciendo URL...
2014-08-20 11:36:56,344 [10] DEBUG SSO_GAD.welcome - URL>>https://s361717226.onlinehome.us:8080/webclient/WebClient.jsf;jsessionid=80C34523FCCF1AA106DEC62D2C07A701
2014-08-20 11:36:56,344 [10] DEBUG SSO_GAD.welcome - Cerrando conexiones...
2014-08-20 11:55:39,002 [10] DEBUG SSO_GAD.welcome - El valor de la cookie JSESSIONID en el navegador es:80C34523FCCF1AA106DEC62D2C07A701
2014-08-20 11:55:42,522 [10] DEBUG SSO_GAD.welcome - Valor de Cookie devuelta luego de autenticar 80C34523FCCF1AA106DEC62D2C07A701
2014-08-21 08:45:15,863 [7] DEBUG SSO_GAD.Index - Comenzando autenticacion con RSA
2014-08-21 08:45:27,488 [7] DEBUG SSO_GAD.Index - Fin autenticacion RSA = True
2014-08-21 08:45:27,488 [7] DEBUG SSO_GAD.Index - Usuario autenticado
2014-08-21 08:45:27,575 [10] DEBUG SSO_GAD.welcome - Recibiendo Datos
2014-08-21 08:45:27,576 [10] DEBUG SSO_GAD.welcome - Usuario jurquia
2014-08-21 08:45:27,576 [10] DEBUG SSO_GAD.welcome - Recuperando Contraseña
2014-08-21 08:45:27,613 [10] DEBUG SSO_GAD.welcome - Leyendo Parametros
2014-08-21 08:45:28,588 [10] DEBUG SSO_GAD.welcome - Contraseña recuperada 
2014-08-21 08:45:28,611 [10] DEBUG SSO_GAD.welcome - Creando HttpRequest...
2014-08-21 08:45:28,611 [10] DEBUG SSO_GAD.welcome - Enviando Parametros...
2014-08-21 08:45:29,527 [10] DEBUG SSO_GAD.welcome - Creando HttpRequest...
2014-08-21 08:45:29,655 [10] DEBUG SSO_GAD.welcome - Recibiendo respuesta  del Sitio 
 comienzo...
2014-08-21 08:45:29,656 [10] DEBUG SSO_GAD.welcome - Estableciendo URL...
2014-08-21 08:45:29,656 [10] DEBUG SSO_GAD.welcome - URL>>https://s361717226.onlinehome.us:8080/webclient/WebClient.jsf;jsessionid=7A254D87100685B4C70ACF42584A1C31
2014-08-21 08:45:29,656 [10] DEBUG SSO_GAD.welcome - Cerrando conexiones...
2014-08-21 11:26:33,908 [6] DEBUG SSO_GAD.Index - Comenzando autenticacion con RSA
2014-08-21 11:26:34,312 [6] DEBUG SSO_GAD.Index - Fin autenticacion RSA = True
2014-08-21 11:26:34,313 [6] DEBUG SSO_GAD.Index - Usuario autenticado
2014-08-21 11:26:34,453 [7] DEBUG SSO_GAD.welcome - Recibiendo Datos
2014-08-21 11:26:34,453 [7] DEBUG SSO_GAD.welcome - Usuario jurquia
2014-08-21 11:26:34,453 [7] DEBUG SSO_GAD.welcome - Recuperando Contraseña
2014-08-21 11:26:34,499 [7] DEBUG SSO_GAD.welcome - Leyendo Parametros
2014-08-21 11:26:35,009 [7] DEBUG SSO_GAD.welcome - Contraseña recuperada 
2014-08-21 11:26:35,016 [7] DEBUG SSO_GAD.welcome - Cookie JSESSIONID NO ENCONTRADA
2014-08-21 11:26:35,040 [7] DEBUG SSO_GAD.welcome - Creando HttpRequest...
2014-08-21 11:26:35,041 [7] DEBUG SSO_GAD.welcome - Enviando Parametros...
2014-08-21 11:26:35,781 [7] DEBUG SSO_GAD.welcome - Creando HttpRequest...
2014-08-21 11:26:37,827 [7] DEBUG SSO_GAD.welcome - Recibiendo respuesta  del Sitio 
 comienzo...
2014-08-21 11:26:37,827 [7] DEBUG SSO_GAD.welcome - Estableciendo URL...
2014-08-21 11:26:37,828 [7] DEBUG SSO_GAD.welcome - URL>>https://s361717226.onlinehome.us:8080/webclient/WebClient.jsf
2014-08-21 11:26:37,828 [7] DEBUG SSO_GAD.welcome - Cerrando conexiones...
2014-08-21 11:26:37,828 [7] DEBUG SSO_GAD.welcome - El valor de la cookie JSESSIONID en el navegador es:BE9BB15E2B6AE528E866715F35AE1A2E
2014-08-21 11:26:37,828 [7] DEBUG SSO_GAD.welcome - Valor de Cookie devuelta luego de autenticar BE9BB15E2B6AE528E866715F35AE1A2E
2014-08-21 13:07:37,446 [7] DEBUG SSO_GAD.Index - Comenzando autenticacion con RSA
2014-08-21 13:07:40,285 [7] DEBUG SSO_GAD.Index - Fin autenticacion RSA = True
2014-08-21 13:07:40,286 [7] DEBUG SSO_GAD.Index - Usuario autenticado
2014-08-21 13:07:40,367 [6] DEBUG SSO_GAD.welcome - Recibiendo Datos
2014-08-21 13:07:40,367 [6] DEBUG SSO_GAD.welcome - Usuario jurquia
2014-08-21 13:07:40,367 [6] DEBUG SSO_GAD.welcome - Recuperando Contraseña
2014-08-21 13:07:40,381 [6] DEBUG SSO_GAD.welcome - Leyendo Parametros
2014-08-21 13:07:40,859 [6] DEBUG SSO_GAD.welcome - Contraseña recuperada 
2014-08-21 13:07:40,887 [6] DEBUG SSO_GAD.welcome - Creando HttpRequest...
2014-08-21 13:07:40,887 [6] DEBUG SSO_GAD.welcome - Enviando Parametros...
2014-08-21 13:07:41,755 [6] DEBUG SSO_GAD.welcome - Creando HttpRequest...
2014-08-21 13:07:41,918 [6] DEBUG SSO_GAD.welcome - Recibiendo respuesta  del Sitio 
 comienzo...
2014-08-21 13:07:41,918 [6] DEBUG SSO_GAD.welcome - Estableciendo URL...
2014-08-21 13:07:41,919 [6] DEBUG SSO_GAD.welcome - URL>>https://s361717226.onlinehome.us:8080/webclient/WebClient.jsf;jsessionid=AF9057B5FF1BB6B1EA5C92920D932627
2014-08-21 13:07:41,919 [6] DEBUG SSO_GAD.welcome - Cerrando conexiones...
2014-08-21 13:13:37,597 [6] DEBUG SSO_GAD.Index - Comenzando autenticacion con RSA
2014-08-21 13:13:37,931 [6] DEBUG SSO_GAD.Index - Fin autenticacion RSA = True
2014-08-21 13:13:37,932 [6] DEBUG SSO_GAD.Index - Usuario autenticado
2014-08-21 13:13:38,023 [6] DEBUG SSO_GAD.welcome - Recibiendo Datos
2014-08-21 13:13:38,024 [6] DEBUG SSO_GAD.welcome - Usuario jurquia
2014-08-21 13:13:38,024 [6] DEBUG SSO_GAD.welcome - Recuperando Contraseña
2014-08-21 13:13:38,036 [6] DEBUG SSO_GAD.welcome - Leyendo Parametros
2014-08-21 13:13:38,498 [6] DEBUG SSO_GAD.welcome - Contraseña recuperada 
2014-08-21 13:13:38,522 [6] DEBUG SSO_GAD.welcome - Creando HttpRequest...
2014-08-21 13:13:38,522 [6] DEBUG SSO_GAD.welcome - Enviando Parametros...
2014-08-21 13:13:39,325 [6] DEBUG SSO_GAD.welcome - Creando HttpRequest...
2014-08-21 13:13:39,504 [6] DEBUG SSO_GAD.welcome - Recibiendo respuesta  del Sitio 
 comienzo...
2014-08-21 13:13:39,504 [6] DEBUG SSO_GAD.welcome - Estableciendo URL...
2014-08-21 13:13:39,504 [6] DEBUG SSO_GAD.welcome - URL>>https://s361717226.onlinehome.us:8080/webclient/WebClient.jsf;jsessionid=4107B3D419F5AFACFE4BBA166DE01E34
2014-08-21 13:13:39,504 [6] DEBUG SSO_GAD.welcome - Cerrando conexiones...
2014-08-21 13:14:08,589 [6] DEBUG SSO_GAD.Index - Comenzando autenticacion con RSA
2014-08-21 13:14:08,760 [6] DEBUG SSO_GAD.Index - Fin autenticacion RSA = True
2014-08-21 13:14:08,760 [6] DEBUG SSO_GAD.Index - Usuario autenticado
2014-08-21 13:14:08,774 [12] DEBUG SSO_GAD.welcome - Recibiendo Datos
2014-08-21 13:14:08,774 [12] DEBUG SSO_GAD.welcome - Usuario jurquia
2014-08-21 13:14:08,774 [12] DEBUG SSO_GAD.welcome - Recuperando Contraseña
2014-08-21 13:14:08,774 [12] DEBUG SSO_GAD.welcome - Leyendo Parametros
2014-08-21 13:14:09,507 [12] DEBUG SSO_GAD.welcome - Contraseña recuperada 
2014-08-21 13:14:09,507 [12] DEBUG SSO_GAD.welcome - Creando HttpRequest...
2014-08-21 13:14:09,507 [12] DEBUG SSO_GAD.welcome - Enviando Parametros...
2014-08-21 13:14:09,593 [12] DEBUG SSO_GAD.welcome - Creando HttpRequest...
2014-08-21 13:14:09,711 [12] DEBUG SSO_GAD.welcome - Recibiendo respuesta  del Sitio 
 comienzo...
2014-08-21 13:14:09,711 [12] DEBUG SSO_GAD.welcome - Estableciendo URL...
2014-08-21 13:14:09,711 [12] DEBUG SSO_GAD.welcome - URL>>https://s361717226.onlinehome.us:8080/webclient/WebClient.jsf;jsessionid=FCFC5ED63456560E0E026A799C59967B
2014-08-21 13:14:09,711 [12] DEBUG SSO_GAD.welcome - Cerrando conexiones...
2014-08-21 15:55:36,992 [6] DEBUG SSO_GAD.Index - Comenzando autenticacion con RSA
2014-08-21 15:55:38,633 [6] DEBUG SSO_GAD.Index - Fin autenticacion RSA = True
2014-08-21 15:55:38,633 [6] DEBUG SSO_GAD.Index - Usuario autenticado
2014-08-21 15:55:38,711 [7] DEBUG SSO_GAD.welcome - Recibiendo Datos
2014-08-21 15:55:38,711 [7] DEBUG SSO_GAD.welcome - Usuario jurquia
2014-08-21 15:55:38,711 [7] DEBUG SSO_GAD.welcome - Recuperando Contraseña
2014-08-21 15:55:38,726 [7] DEBUG SSO_GAD.welcome - Leyendo Parametros
2014-08-21 15:55:39,204 [7] DEBUG SSO_GAD.welcome - Contraseña recuperada 
2014-08-21 16:06:47,335 [6] DEBUG SSO_GAD.Index - Formato Token Invalido
2014-08-21 16:06:47,362 [6] DEBUG SSO_GAD.Index - autenticacion Fallida
2014-08-21 16:06:52,887 [9] DEBUG SSO_GAD.Index - Comenzando autenticacion con RSA
2014-08-21 16:06:54,379 [9] DEBUG SSO_GAD.Index - Fin autenticacion RSA = True
2014-08-21 16:06:54,379 [9] DEBUG SSO_GAD.Index - Usuario autenticado
2014-08-21 16:06:54,453 [7] DEBUG SSO_GAD.welcome - Recibiendo Datos
2014-08-21 16:06:54,454 [7] DEBUG SSO_GAD.welcome - Usuario jurquia
2014-08-21 16:06:54,454 [7] DEBUG SSO_GAD.welcome - Recuperando Contraseña
2014-08-21 16:06:54,466 [7] DEBUG SSO_GAD.welcome - Leyendo Parametros
2014-08-21 16:06:54,933 [7] DEBUG SSO_GAD.welcome - Contraseña recuperada 
2014-08-21 16:10:10,290 [7] DEBUG SSO_GAD.welcome - Creando HttpRequest...
2014-08-21 16:10:55,840 [7] DEBUG SSO_GAD.welcome - Enviando Parametros...
2014-08-21 16:11:41,554 [7] DEBUG SSO_GAD.welcome - Creando HttpRequest...
2014-08-21 16:16:26,373 [7] DEBUG SSO_GAD.welcome - Recibiendo respuesta  del Sitio 
 comienzo...
2014-08-21 16:16:26,374 [7] DEBUG SSO_GAD.welcome - Estableciendo URL...
2014-08-21 16:16:26,375 [7] DEBUG SSO_GAD.welcome - URL>>https://s361717226.onlinehome.us:8080/webclient/WebClient.jsf;jsessionid=287BFA77CD71E47AFEF69EA06D6D8E3B
2014-08-21 16:16:26,375 [7] DEBUG SSO_GAD.welcome - Cerrando conexiones...
2014-08-21 16:16:26,376 [7] DEBUG SSO_GAD.welcome - El valor de la cookie JSESSIONID en el navegador es:287BFA77CD71E47AFEF69EA06D6D8E3B
2014-08-21 16:16:26,376 [7] DEBUG SSO_GAD.welcome - Valor de Cookie devuelta luego de autenticar 287BFA77CD71E47AFEF69EA06D6D8E3B
2014-08-21 16:17:00,495 [6] DEBUG SSO_GAD.Index - Comenzando autenticacion con RSA
2014-08-21 16:17:03,258 [6] DEBUG SSO_GAD.Index - Fin autenticacion RSA = True
2014-08-21 16:17:03,258 [6] DEBUG SSO_GAD.Index - Usuario autenticado
2014-08-21 16:17:03,376 [10] DEBUG SSO_GAD.welcome - Recibiendo Datos
2014-08-21 16:17:03,377 [10] DEBUG SSO_GAD.welcome - Usuario jurquia
2014-08-21 16:17:03,377 [10] DEBUG SSO_GAD.welcome - Recuperando Contraseña
2014-08-21 16:17:03,391 [10] DEBUG SSO_GAD.welcome - Leyendo Parametros
2014-08-21 16:17:03,862 [10] DEBUG SSO_GAD.welcome - Contraseña recuperada 
2014-08-21 16:17:03,886 [10] DEBUG SSO_GAD.welcome - Creando HttpRequest...
2014-08-21 16:17:03,887 [10] DEBUG SSO_GAD.welcome - Enviando Parametros...
2014-08-21 16:17:04,721 [10] DEBUG SSO_GAD.welcome - Creando HttpRequest...
2014-08-21 16:17:35,815 [10] DEBUG SSO_GAD.welcome - Recibiendo respuesta  del Sitio 
 comienzo...
2014-08-21 16:17:35,815 [10] DEBUG SSO_GAD.welcome - Estableciendo URL...
2014-08-21 16:17:35,815 [10] DEBUG SSO_GAD.welcome - URL>>https://s361717226.onlinehome.us:8080/webclient/WebClient.jsf;jsessionid=E82F724F074BF85CA0994EE113890BA9
2014-08-21 16:17:35,816 [10] DEBUG SSO_GAD.welcome - Cerrando conexiones...
2014-08-21 16:17:35,816 [10] DEBUG SSO_GAD.welcome - El valor de la cookie JSESSIONID en el navegador es:E82F724F074BF85CA0994EE113890BA9
2014-08-21 16:17:35,816 [10] DEBUG SSO_GAD.welcome - Valor de Cookie devuelta luego de autenticar E82F724F074BF85CA0994EE113890BA9
2014-08-21 16:19:09,914 [8] DEBUG SSO_GAD.Index - Comenzando autenticacion con RSA
2014-08-21 16:19:10,252 [8] DEBUG SSO_GAD.Index - Fin autenticacion RSA = True
2014-08-21 16:19:10,253 [8] DEBUG SSO_GAD.Index - Usuario autenticado
2014-08-21 16:19:10,352 [7] DEBUG SSO_GAD.welcome - Recibiendo Datos
2014-08-21 16:19:10,352 [7] DEBUG SSO_GAD.welcome - Usuario jurquia
2014-08-21 16:19:10,352 [7] DEBUG SSO_GAD.welcome - Recuperando Contraseña
2014-08-21 16:19:10,365 [7] DEBUG SSO_GAD.welcome - Leyendo Parametros
2014-08-21 16:19:11,136 [7] DEBUG SSO_GAD.welcome - Contraseña recuperada 
2014-08-21 16:19:11,160 [7] DEBUG SSO_GAD.welcome - Creando HttpRequest...
2014-08-21 16:19:11,160 [7] DEBUG SSO_GAD.welcome - Enviando Parametros...
2014-08-21 16:19:11,903 [7] DEBUG SSO_GAD.welcome - Creando HttpRequest...
2014-08-21 16:30:20,331 [7] DEBUG SSO_GAD.Index - Comenzando autenticacion con RSA
2014-08-21 16:30:23,936 [7] DEBUG SSO_GAD.Index - Fin autenticacion RSA = True
2014-08-21 16:30:23,936 [7] DEBUG SSO_GAD.Index - Usuario autenticado
2014-08-21 16:30:24,013 [10] DEBUG SSO_GAD.welcome - Recibiendo Datos
2014-08-21 16:30:24,013 [10] DEBUG SSO_GAD.welcome - Usuario jurquia
2014-08-21 16:30:24,013 [10] DEBUG SSO_GAD.welcome - Recuperando Contraseña
2014-08-21 16:30:24,026 [10] DEBUG SSO_GAD.welcome - Leyendo Parametros
2014-08-21 16:30:24,508 [10] DEBUG SSO_GAD.welcome - Contraseña recuperada 
2014-08-21 16:30:24,513 [10] DEBUG SSO_GAD.welcome - Cookie JSESSIONID NO ENCONTRADA
2014-08-21 16:30:24,533 [10] DEBUG SSO_GAD.welcome - Creando HttpRequest...
2014-08-21 16:30:24,533 [10] DEBUG SSO_GAD.welcome - Enviando Parametros...
2014-08-21 16:30:25,138 [10] DEBUG SSO_GAD.welcome - Creando HttpRequest...
2014-08-21 16:30:25,699 [10] DEBUG SSO_GAD.welcome - Recibiendo respuesta  del Sitio 
 comienzo...
2014-08-21 16:30:25,699 [10] DEBUG SSO_GAD.welcome - Estableciendo URL...
2014-08-21 16:30:25,699 [10] DEBUG SSO_GAD.welcome - URL>>https://74.208.202.242/webclient/WebClient.jsf;jsessionid=6031D94872E68386163E44804AD3E85D
2014-08-21 16:30:25,699 [10] DEBUG SSO_GAD.welcome - Cerrando conexiones...
2014-08-21 16:31:41,235 [6] DEBUG SSO_GAD.Index - Formato Token Invalido
2014-08-21 16:31:41,263 [6] DEBUG SSO_GAD.Index - autenticacion Fallida
2014-08-21 16:31:47,020 [6] DEBUG SSO_GAD.Index - Comenzando autenticacion con RSA
2014-08-21 16:31:47,373 [6] DEBUG SSO_GAD.Index - Fin autenticacion RSA = True
2014-08-21 16:31:47,373 [6] DEBUG SSO_GAD.Index - Usuario autenticado
2014-08-21 16:31:47,471 [10] DEBUG SSO_GAD.welcome - Recibiendo Datos
2014-08-21 16:31:47,472 [10] DEBUG SSO_GAD.welcome - Usuario jurquia
2014-08-21 16:31:47,472 [10] DEBUG SSO_GAD.welcome - Recuperando Contraseña
2014-08-21 16:31:47,489 [10] DEBUG SSO_GAD.welcome - Leyendo Parametros
2014-08-21 16:31:47,976 [10] DEBUG SSO_GAD.welcome - Contraseña recuperada 
2014-08-21 16:31:47,982 [10] DEBUG SSO_GAD.welcome - Cookie JSESSIONID NO ENCONTRADA
2014-08-21 16:31:48,001 [10] DEBUG SSO_GAD.welcome - Creando HttpRequest...
2014-08-21 16:31:48,001 [10] DEBUG SSO_GAD.welcome - Enviando Parametros...
2014-08-21 16:31:48,913 [10] DEBUG SSO_GAD.welcome - Creando HttpRequest...
2014-08-21 16:31:49,230 [10] DEBUG SSO_GAD.welcome - Recibiendo respuesta  del Sitio 
 comienzo...
2014-08-21 16:31:49,231 [10] DEBUG SSO_GAD.welcome - Estableciendo URL...
2014-08-21 16:31:49,231 [10] DEBUG SSO_GAD.welcome - URL>>https://74.208.202.242/webclient/WebApplet.jsf;jsessionid=A5E8F0850C30ED9FB7E29AE0A9A91773
2014-08-21 16:31:49,231 [10] DEBUG SSO_GAD.welcome - Cerrando conexiones...
2014-08-21 20:19:00,273 [10] DEBUG SSO_GAD.Index - Comenzando autenticacion con RSA
2014-08-21 20:19:01,966 [10] DEBUG SSO_GAD.Index - Fin autenticacion RSA = True
2014-08-21 20:19:01,966 [10] DEBUG SSO_GAD.Index - Usuario autenticado
2014-08-21 20:19:02,072 [7] DEBUG SSO_GAD.welcome - Recibiendo Datos
2014-08-21 20:19:02,072 [7] DEBUG SSO_GAD.welcome - Usuario jurquia
2014-08-21 20:19:02,072 [7] DEBUG SSO_GAD.welcome - Recuperando Contraseña
2014-08-21 20:19:02,089 [7] DEBUG SSO_GAD.welcome - Leyendo Parametros
2014-08-21 20:19:03,737 [7] DEBUG SSO_GAD.welcome - Contraseña recuperada 
2014-08-21 20:19:03,744 [7] DEBUG SSO_GAD.welcome - Cookie JSESSIONID NO ENCONTRADA
